# JRE version: Java(TM) SE Runtime Environment (8.0_91-b14) (build 1.8.0_91-b14)
# Java VM: Java HotSpot(TM) 64-Bit Server VM (25.91-b14 mixed mode linux-amd64 compressed oops)
Heap:
 PSYoungGen      total 241152K, used 13282K [0x00000000eab00000, 0x00000000fa380000, 0x0000000100000000)
  eden space 227840K, 0% used [0x00000000eab00000,0x00000000eab00000,0x00000000f8980000)
  from space 13312K, 99% used [0x00000000f8980000,0x00000000f9678b70,0x00000000f9680000)
  to   space 10240K, 0% used [0x00000000f9980000,0x00000000f9980000,0x00000000fa380000)
 ParOldGen       total 55296K, used 31141K [0x00000000c0000000, 0x00000000c3600000, 0x00000000eab00000)
  object space 55296K, 56% used [0x00000000c0000000,0x00000000c1e69590,0x00000000c3600000)
 Metaspace       used 48984K, capacity 50014K, committed 50304K, reserved 1093632K
  class space    used 6658K, capacity 6915K, committed 7040K, reserved 1048576K
GC Heap History (10 events):
Event: 6.803 GC heap after
Heap after GC invocations=8 (full 1):
 PSYoungGen      total 129024K, used 2672K [0x00000000eab00000, 0x00000000f6700000, 0x0000000100000000)
  eden space 119808K, 0% used [0x00000000eab00000,0x00000000eab00000,0x00000000f2000000)
  from space 9216K, 28% used [0x00000000f2000000,0x00000000f229c050,0x00000000f2900000)
  to   space 9216K, 0% used [0x00000000f5e00000,0x00000000f5e00000,0x00000000f6700000)
 ParOldGen       total 38400K, used 10218K [0x00000000c0000000, 0x00000000c2580000, 0x00000000eab00000)
  object space 38400K, 26% used [0x00000000c0000000,0x00000000c09fa940,0x00000000c2580000)
 Metaspace       used 21755K, capacity 22112K, committed 22528K, reserved 1069056K
  class space    used 2818K, capacity 2950K, committed 3072K, reserved 1048576K
}
Event: 9.119 GC heap before
{Heap before GC invocations=9 (full 1):
 PSYoungGen      total 129024K, used 122480K [0x00000000eab00000, 0x00000000f6700000, 0x0000000100000000)
  eden space 119808K, 100% used [0x00000000eab00000,0x00000000f2000000,0x00000000f2000000)
  from space 9216K, 28% used [0x00000000f2000000,0x00000000f229c050,0x00000000f2900000)
  to   space 9216K, 0% used [0x00000000f5e00000,0x00000000f5e00000,0x00000000f6700000)
 ParOldGen       total 38400K, used 10218K [0x00000000c0000000, 0x00000000c2580000, 0x00000000eab00000)
  object space 38400K, 26% used [0x00000000c0000000,0x00000000c09fa940,0x00000000c2580000)
 Metaspace       used 25391K, capacity 25984K, committed 26112K, reserved 1071104K
  class space    used 3412K, capacity 3567K, committed 3584K, reserved 1048576K
Event: 9.144 GC heap after
Heap after GC invocations=9 (full 1):
 PSYoungGen      total 182272K, used 8488K [0x00000000eab00000, 0x00000000f7b80000, 0x0000000100000000)
  eden space 173056K, 0% used [0x00000000eab00000,0x00000000eab00000,0x00000000f5400000)
  from space 9216K, 92% used [0x00000000f5e00000,0x00000000f664a260,0x00000000f6700000)
  to   space 10240K, 0% used [0x00000000f5400000,0x00000000f5400000,0x00000000f5e00000)
 ParOldGen       total 38400K, used 10226K [0x00000000c0000000, 0x00000000c2580000, 0x00000000eab00000)
  object space 38400K, 26% used [0x00000000c0000000,0x00000000c09fc940,0x00000000c2580000)
 Metaspace       used 25391K, capacity 25984K, committed 26112K, reserved 1071104K
  class space    used 3412K, capacity 3567K, committed 3584K, reserved 1048576K
}
Event: 17.096 GC heap before
{Heap before GC invocations=10 (full 1):
 PSYoungGen      total 182272K, used 181544K [0x00000000eab00000, 0x00000000f7b80000, 0x0000000100000000)
  eden space 173056K, 100% used [0x00000000eab00000,0x00000000f5400000,0x00000000f5400000)
  from space 9216K, 92% used [0x00000000f5e00000,0x00000000f664a260,0x00000000f6700000)
  to   space 10240K, 0% used [0x00000000f5400000,0x00000000f5400000,0x00000000f5e00000)
 ParOldGen       total 38400K, used 10226K [0x00000000c0000000, 0x00000000c2580000, 0x00000000eab00000)
  object space 38400K, 26% used [0x00000000c0000000,0x00000000c09fc940,0x00000000c2580000)
 Metaspace       used 33187K, capacity 33978K, committed 34176K, reserved 1079296K
  class space    used 4413K, capacity 4633K, committed 4736K, reserved 1048576K
Event: 17.129 GC heap after
Heap after GC invocations=10 (full 1):
 PSYoungGen      total 183296K, used 10224K [0x00000000eab00000, 0x00000000fa700000, 0x0000000100000000)
  eden space 173056K, 0% used [0x00000000eab00000,0x00000000eab00000,0x00000000f5400000)
  from space 10240K, 99% used [0x00000000f5400000,0x00000000f5dfc330,0x00000000f5e00000)
  to   space 13824K, 0% used [0x00000000f9980000,0x00000000f9980000,0x00000000fa700000)
 ParOldGen       total 38400K, used 14996K [0x00000000c0000000, 0x00000000c2580000, 0x00000000eab00000)
  object space 38400K, 39% used [0x00000000c0000000,0x00000000c0ea53e0,0x00000000c2580000)
 Metaspace       used 33187K, capacity 33978K, committed 34176K, reserved 1079296K
  class space    used 4413K, capacity 4633K, committed 4736K, reserved 1048576K
}
Event: 19.711 GC heap before
{Heap before GC invocations=11 (full 1):
 PSYoungGen      total 183296K, used 29923K [0x00000000eab00000, 0x00000000fa700000, 0x0000000100000000)
  eden space 173056K, 11% used [0x00000000eab00000,0x00000000ebe3c9b8,0x00000000f5400000)
  from space 10240K, 99% used [0x00000000f5400000,0x00000000f5dfc330,0x00000000f5e00000)
  to   space 13824K, 0% used [0x00000000f9980000,0x00000000f9980000,0x00000000fa700000)
 ParOldGen       total 38400K, used 14996K [0x00000000c0000000, 0x00000000c2580000, 0x00000000eab00000)
  object space 38400K, 39% used [0x00000000c0000000,0x00000000c0ea53e0,0x00000000c2580000)
 Metaspace       used 34619K, capacity 35396K, committed 35496K, reserved 1079296K
  class space    used 4595K, capacity 4801K, committed 4864K, reserved 1048576K
Event: 19.740 GC heap after
Heap after GC invocations=11 (full 1):
 PSYoungGen      total 238080K, used 5853K [0x00000000eab00000, 0x00000000fa380000, 0x0000000100000000)
  eden space 227840K, 0% used [0x00000000eab00000,0x00000000eab00000,0x00000000f8980000)
  from space 10240K, 57% used [0x00000000f9980000,0x00000000f9f37798,0x00000000fa380000)
  to   space 13312K, 0% used [0x00000000f8980000,0x00000000f8980000,0x00000000f9680000)
 ParOldGen       total 38400K, used 19601K [0x00000000c0000000, 0x00000000c2580000, 0x00000000eab00000)
  object space 38400K, 51% used [0x00000000c0000000,0x00000000c1324470,0x00000000c2580000)
 Metaspace       used 34619K, capacity 35396K, committed 35496K, reserved 1079296K
  class space    used 4595K, capacity 4801K, committed 4864K, reserved 1048576K
}
Event: 19.740 GC heap before
{Heap before GC invocations=12 (full 2):
 PSYoungGen      total 238080K, used 5853K [0x00000000eab00000, 0x00000000fa380000, 0x0000000100000000)
  eden space 227840K, 0% used [0x00000000eab00000,0x00000000eab00000,0x00000000f8980000)
  from space 10240K, 57% used [0x00000000f9980000,0x00000000f9f37798,0x00000000fa380000)
  to   space 13312K, 0% used [0x00000000f8980000,0x00000000f8980000,0x00000000f9680000)
 ParOldGen       total 38400K, used 19601K [0x00000000c0000000, 0x00000000c2580000, 0x00000000eab00000)
  object space 38400K, 51% used [0x00000000c0000000,0x00000000c1324470,0x00000000c2580000)
 Metaspace       used 34619K, capacity 35396K, committed 35496K, reserved 1079296K
  class space    used 4595K, capacity 4801K, committed 4864K, reserved 1048576K
Event: 19.852 GC heap after
Heap after GC invocations=12 (full 2):
 PSYoungGen      total 238080K, used 0K [0x00000000eab00000, 0x00000000fa380000, 0x0000000100000000)
  eden space 227840K, 0% used [0x00000000eab00000,0x00000000eab00000,0x00000000f8980000)
  from space 10240K, 0% used [0x00000000f9980000,0x00000000f9980000,0x00000000fa380000)
  to   space 13312K, 0% used [0x00000000f8980000,0x00000000f8980000,0x00000000f9680000)
 ParOldGen       total 55296K, used 17044K [0x00000000c0000000, 0x00000000c3600000, 0x00000000eab00000)
  object space 55296K, 30% used [0x00000000c0000000,0x00000000c10a5298,0x00000000c3600000)
 Metaspace       used 34542K, capacity 35244K, committed 35496K, reserved 1079296K
  class space    used 4571K, capacity 4773K, committed 4864K, reserved 1048576K
}
Event: 61.358 GC heap before
{Heap before GC invocations=13 (full 2):
 PSYoungGen      total 238080K, used 227840K [0x00000000eab00000, 0x00000000fa380000, 0x0000000100000000)
  eden space 227840K, 100% used [0x00000000eab00000,0x00000000f8980000,0x00000000f8980000)
  from space 10240K, 0% used [0x00000000f9980000,0x00000000f9980000,0x00000000fa380000)
  to   space 13312K, 0% used [0x00000000f8980000,0x00000000f8980000,0x00000000f9680000)
 ParOldGen       total 55296K, used 17044K [0x00000000c0000000, 0x00000000c3600000, 0x00000000eab00000)
  object space 55296K, 30% used [0x00000000c0000000,0x00000000c10a5298,0x00000000c3600000)
 Metaspace       used 48984K, capacity 50014K, committed 50304K, reserved 1093632K
  class space    used 6658K, capacity 6915K, committed 7040K, reserved 1048576K

